<?xml version="1.0" encoding="UTF-8"?>
<testsuite xmlns:xsi="http://www.w3.org/2001/XMLSchema-instance" xsi:noNamespaceSchemaLocation="https://maven.apache.org/surefire/maven-surefire-plugin/xsd/surefire-test-report.xsd" name="com.anjishnu.CalculatorTest" time="0.06" tests="8" errors="0" skipped="0" failures="1">
  <properties>
    <property name="sun.desktop" value="gnome"/>
    <property name="awt.toolkit" value="sun.awt.X11.XToolkit"/>
    <property name="file.encoding.pkg" value="sun.io"/>
    <property name="java.specification.version" value="1.8"/>
    <property name="sun.cpu.isalist" value=""/>
    <property name="sun.jnu.encoding" value="UTF-8"/>
    <property name="java.class.path" value="/home/anjishnu/Desktop/IIITB/Sem2/SPE/MiniProject/scientific-calculator/target/test-classes:/home/anjishnu/Desktop/IIITB/Sem2/SPE/MiniProject/scientific-calculator/target/classes:/home/anjishnu/.m2/repository/junit/junit/4.13.2/junit-4.13.2.jar:/home/anjishnu/.m2/repository/org/hamcrest/hamcrest-core/1.3/hamcrest-core-1.3.jar:"/>
    <property name="java.vm.vendor" value="Oracle Corporation"/>
    <property name="sun.arch.data.model" value="64"/>
    <property name="java.vendor.url" value="http://java.oracle.com/"/>
    <property name="user.timezone" value=""/>
    <property name="java.vm.specification.version" value="1.8"/>
    <property name="os.name" value="Linux"/>
    <property name="user.country" value="IN"/>
    <property name="sun.java.launcher" value="SUN_STANDARD"/>
    <property name="sun.boot.library.path" value="/usr/lib/jvm/jdk1.8.0_261/jre/lib/amd64"/>
    <property name="sun.java.command" value="/home/anjishnu/Desktop/IIITB/Sem2/SPE/MiniProject/scientific-calculator/target/surefire/surefirebooter202022506771015523.jar /home/anjishnu/Desktop/IIITB/Sem2/SPE/MiniProject/scientific-calculator/target/surefire 2021-03-13T12-30-42_988-jvmRun1 surefire5692164643365372426tmp surefire_08447765330769116409tmp"/>
    <property name="surefire.test.class.path" value="/home/anjishnu/Desktop/IIITB/Sem2/SPE/MiniProject/scientific-calculator/target/test-classes:/home/anjishnu/Desktop/IIITB/Sem2/SPE/MiniProject/scientific-calculator/target/classes:/home/anjishnu/.m2/repository/junit/junit/4.13.2/junit-4.13.2.jar:/home/anjishnu/.m2/repository/org/hamcrest/hamcrest-core/1.3/hamcrest-core-1.3.jar:"/>
    <property name="sun.cpu.endian" value="little"/>
    <property name="user.home" value="/home/anjishnu"/>
    <property name="user.language" value="en"/>
    <property name="java.specification.vendor" value="Oracle Corporation"/>
    <property name="java.home" value="/usr/lib/jvm/jdk1.8.0_261/jre"/>
    <property name="basedir" value="/home/anjishnu/Desktop/IIITB/Sem2/SPE/MiniProject/scientific-calculator"/>
    <property name="file.separator" value="/"/>
    <property name="line.separator" value="&#10;"/>
    <property name="java.vm.specification.vendor" value="Oracle Corporation"/>
    <property name="java.specification.name" value="Java Platform API Specification"/>
    <property name="java.awt.graphicsenv" value="sun.awt.X11GraphicsEnvironment"/>
    <property name="surefire.real.class.path" value="/home/anjishnu/Desktop/IIITB/Sem2/SPE/MiniProject/scientific-calculator/target/surefire/surefirebooter202022506771015523.jar"/>
    <property name="sun.boot.class.path" value="/usr/lib/jvm/jdk1.8.0_261/jre/lib/resources.jar:/usr/lib/jvm/jdk1.8.0_261/jre/lib/rt.jar:/usr/lib/jvm/jdk1.8.0_261/jre/lib/sunrsasign.jar:/usr/lib/jvm/jdk1.8.0_261/jre/lib/jsse.jar:/usr/lib/jvm/jdk1.8.0_261/jre/lib/jce.jar:/usr/lib/jvm/jdk1.8.0_261/jre/lib/charsets.jar:/usr/lib/jvm/jdk1.8.0_261/jre/lib/jfr.jar:/usr/lib/jvm/jdk1.8.0_261/jre/classes"/>
    <property name="sun.management.compiler" value="HotSpot 64-Bit Tiered Compilers"/>
    <property name="java.runtime.version" value="1.8.0_261-b12"/>
    <property name="user.name" value="anjishnu"/>
    <property name="path.separator" value=":"/>
    <property name="os.version" value="5.8.0-44-generic"/>
    <property name="java.endorsed.dirs" value="/usr/lib/jvm/jdk1.8.0_261/jre/lib/endorsed"/>
    <property name="java.runtime.name" value="Java(TM) SE Runtime Environment"/>
    <property name="file.encoding" value="UTF-8"/>
    <property name="java.vm.name" value="Java HotSpot(TM) 64-Bit Server VM"/>
    <property name="localRepository" value="/home/anjishnu/.m2/repository"/>
    <property name="java.vendor.url.bug" value="http://bugreport.sun.com/bugreport/"/>
    <property name="java.io.tmpdir" value="/tmp"/>
    <property name="java.version" value="1.8.0_261"/>
    <property name="user.dir" value="/home/anjishnu/Desktop/IIITB/Sem2/SPE/MiniProject/scientific-calculator"/>
    <property name="os.arch" value="amd64"/>
    <property name="java.vm.specification.name" value="Java Virtual Machine Specification"/>
    <property name="java.awt.printerjob" value="sun.print.PSPrinterJob"/>
    <property name="sun.os.patch.level" value="unknown"/>
    <property name="java.library.path" value="/usr/java/packages/lib/amd64:/usr/lib64:/lib64:/lib:/usr/lib"/>
    <property name="java.vm.info" value="mixed mode"/>
    <property name="java.vendor" value="Oracle Corporation"/>
    <property name="java.vm.version" value="25.261-b12"/>
    <property name="java.ext.dirs" value="/usr/lib/jvm/jdk1.8.0_261/jre/lib/ext:/usr/java/packages/lib/ext"/>
    <property name="sun.io.unicode.encoding" value="UnicodeLittle"/>
    <property name="java.class.version" value="52.0"/>
  </properties>
  <testcase name="MinusOneSquareRootIsNaN" classname="com.anjishnu.CalculatorTest" time="0.004"/>
  <testcase name="TwentyFiveSquareRootIsFive" classname="com.anjishnu.CalculatorTest" time="0.001"/>
  <testcase name="fiveFactorialIsSevenTwenty" classname="com.anjishnu.CalculatorTest" time="0"/>
  <testcase name="fourFactorialIsNotSix" classname="com.anjishnu.CalculatorTest" time="0.001"/>
  <testcase name="naturalLogOfOneIsZero" classname="com.anjishnu.CalculatorTest" time="0"/>
  <testcase name="naturalLogOfZeroIsNotOne" classname="com.anjishnu.CalculatorTest" time="0.01">
    <failure message="Error - ln(0) = 1.  expected:&lt;-Infinity&gt; but was:&lt;1.0&gt;" type="java.lang.AssertionError"><![CDATA[java.lang.AssertionError: Error - ln(0) = 1.  expected:<-Infinity> but was:<1.0>
	at com.anjishnu.CalculatorTest.naturalLogOfZeroIsNotOne(CalculatorTest.java:58)
]]></failure>
    <system-out><![CDATA[Checking naturalLogOfZeroIsNotOne

]]></system-out>
  </testcase>
  <testcase name="tenPowerMinusOneIsNotTen" classname="com.anjishnu.CalculatorTest" time="0"/>
  <testcase name="threePowerTwoIsNine" classname="com.anjishnu.CalculatorTest" time="0.001"/>
</testsuite>